<?xml version="1.0" encoding="UTF-8"?>
<testsuite xmlns:xsi="http://www.w3.org/2001/XMLSchema-instance" xsi:noNamespaceSchemaLocation="https://maven.apache.org/surefire/maven-surefire-plugin/xsd/surefire-test-report.xsd" name="TestFibonacci" time="0.035" tests="1" errors="0" skipped="0" failures="0">
  <properties>
    <property name="java.specification.version" value="24"/>
    <property name="sun.cpu.isalist" value="amd64"/>
    <property name="sun.jnu.encoding" value="Cp1252"/>
    <property name="java.class.path" value="C:\Users\223102052\Documents\Edison\ACourse\Module5\CI\edison_ci_cd_hw\target\test-classes;C:\Users\223102052\Documents\Edison\ACourse\Module5\CI\edison_ci_cd_hw\target\classes;C:\Users\223102052\.m2\repository\junit\junit\4.13.2\junit-4.13.2.jar;C:\Users\223102052\.m2\repository\org\hamcrest\hamcrest-core\1.3\hamcrest-core-1.3.jar;"/>
    <property name="java.vm.vendor" value="Oracle Corporation"/>
    <property name="sun.arch.data.model" value="64"/>
    <property name="user.variant" value=""/>
    <property name="java.vendor.url" value="https://java.oracle.com/"/>
    <property name="user.timezone" value="America/New_York"/>
    <property name="os.name" value="Windows 10"/>
    <property name="java.vm.specification.version" value="24"/>
    <property name="sun.java.launcher" value="SUN_STANDARD"/>
    <property name="user.country" value="US"/>
    <property name="sun.boot.library.path" value="C:\Program Files\Java\jdk-24\bin"/>
    <property name="sun.java.command" value="C:\Users\223102~1\AppData\Local\Temp\surefire13759212552462269223\surefirebooter16198967200003522495.jar C:\Users\223102052\AppData\Local\Temp\surefire13759212552462269223 2025-03-22T14-39-52_051-jvmRun1 surefire10076075679859672610tmp surefire_016770871563019560304tmp"/>
    <property name="jdk.debug" value="release"/>
    <property name="surefire.test.class.path" value="C:\Users\223102052\Documents\Edison\ACourse\Module5\CI\edison_ci_cd_hw\target\test-classes;C:\Users\223102052\Documents\Edison\ACourse\Module5\CI\edison_ci_cd_hw\target\classes;C:\Users\223102052\.m2\repository\junit\junit\4.13.2\junit-4.13.2.jar;C:\Users\223102052\.m2\repository\org\hamcrest\hamcrest-core\1.3\hamcrest-core-1.3.jar;"/>
    <property name="sun.cpu.endian" value="little"/>
    <property name="user.home" value="C:\Users\223102052"/>
    <property name="user.language" value="en"/>
    <property name="java.specification.vendor" value="Oracle Corporation"/>
    <property name="java.version.date" value="2025-03-18"/>
    <property name="java.home" value="C:\Program Files\Java\jdk-24"/>
    <property name="file.separator" value="\"/>
    <property name="basedir" value="C:\Users\223102052\Documents\Edison\ACourse\Module5\CI\edison_ci_cd_hw"/>
    <property name="java.vm.compressedOopsMode" value="Zero based"/>
    <property name="line.separator" value="&#10;"/>
    <property name="java.vm.specification.vendor" value="Oracle Corporation"/>
    <property name="java.specification.name" value="Java Platform API Specification"/>
    <property name="surefire.real.class.path" value="C:\Users\223102~1\AppData\Local\Temp\surefire13759212552462269223\surefirebooter16198967200003522495.jar"/>
    <property name="user.script" value=""/>
    <property name="sun.management.compiler" value="HotSpot 64-Bit Tiered Compilers"/>
    <property name="java.runtime.version" value="24+36-3646"/>
    <property name="user.name" value="223102052"/>
    <property name="stdout.encoding" value="Cp1252"/>
    <property name="path.separator" value=";"/>
    <property name="os.version" value="10.0"/>
    <property name="java.runtime.name" value="Java(TM) SE Runtime Environment"/>
    <property name="file.encoding" value="UTF-8"/>
    <property name="java.vm.name" value="Java HotSpot(TM) 64-Bit Server VM"/>
    <property name="localRepository" value="C:\Users\223102052\.m2\repository"/>
    <property name="java.vendor.url.bug" value="https://bugreport.java.com/bugreport/"/>
    <property name="java.io.tmpdir" value="C:\Users\223102~1\AppData\Local\Temp\"/>
    <property name="java.version" value="24"/>
    <property name="user.dir" value="C:\Users\223102052\Documents\Edison\ACourse\Module5\CI\edison_ci_cd_hw"/>
    <property name="os.arch" value="amd64"/>
    <property name="java.vm.specification.name" value="Java Virtual Machine Specification"/>
    <property name="sun.os.patch.level" value=""/>
    <property name="native.encoding" value="Cp1252"/>
    <property name="java.library.path" value="C:\Program Files\Java\jdk-24\bin;C:\windows\Sun\Java\bin;C:\windows\system32;C:\windows;C:\Program Files\Common Files\Oracle\Java\javapath;C:\windows\system32;C:\windows;C:\windows\System32\Wbem;C:\windows\System32\WindowsPowerShell\v1.0\;C:\windows\System32\OpenSSH\;C:\Program Files (x86)\NVIDIA Corporation\PhysX\Common;C:\Program Files\dotnet\;C:\Program Files\PuTTY\;C:\Program Files\Git\cmd;C:\Apps\Anaconda3\v3_9_7_x64\Local;C:\Program Files\Microchip\xc8\v2.36\bin;C:\Apps\perl\bin;C:\Apps\Tcl\bin;C:\Apps\cygwin\bin;c:\apps\bin;c:\apps\lib;C:\Apps\Matlab\v2019b_x64\Local\runtime\win64;C:\Apps\Matlab\v2019b_x64\Local\bin;C:\Users\223102052\AppData\Local\Microsoft\WindowsApps;C:\Users\223102052\AppData\Local\Programs\Microsoft VS Code\bin;D:\Program Files (x86)\Atmel\Studio\7.0\atbackend\;C:\cygwin64\bin;C:\Program Files (x86)\Microsoft Visual Studio\2022\BuildTools\VC\Tools\MSVC\14.41.34120\bin\Hostx64\x64;C:\Program Files\Apache-Subversion-1.14.4\bin;C:\GNAT\2021\bin;C:\Program Files\apache-maven-3.9.9\bin;;."/>
    <property name="java.vm.info" value="mixed mode, sharing"/>
    <property name="stderr.encoding" value="Cp1252"/>
    <property name="java.vendor" value="Oracle Corporation"/>
    <property name="java.vm.version" value="24+36-3646"/>
    <property name="sun.io.unicode.encoding" value="UnicodeLittle"/>
    <property name="java.class.version" value="68.0"/>
  </properties>
  <testcase name="test" classname="TestFibonacci" time="0.006"/>
</testsuite>